<?xml version="1.0" encoding="UTF-8"?>
<testng-results ignored="0" total="2" passed="2" failed="0" skipped="0">
  <reporter-output>
  </reporter-output>
  <suite started-at="2025-04-02T17:27:01 IST" name="Suite" finished-at="2025-04-02T17:27:16 IST" duration-ms="15140">
    <groups>
      <group name="Master">
        <method signature="TC001_AccountRegistrationtest.verify_Account_Registration()[pri:0, instance:testCases.TC001_AccountRegistrationtest@72d1ad2e]" name="verify_Account_Registration" class="testCases.TC001_AccountRegistrationtest"/>
        <method signature="TC002_LoginTest.verify_Login()[pri:0, instance:testCases.TC002_LoginTest@6ae5aa72]" name="verify_Login" class="testCases.TC002_LoginTest"/>
      </group> <!-- Master -->
      <group name="Sanity">
        <method signature="TC001_AccountRegistrationtest.verify_Account_Registration()[pri:0, instance:testCases.TC001_AccountRegistrationtest@72d1ad2e]" name="verify_Account_Registration" class="testCases.TC001_AccountRegistrationtest"/>
      </group> <!-- Sanity -->
      <group name="Regression">
        <method signature="TC002_LoginTest.verify_Login()[pri:0, instance:testCases.TC002_LoginTest@6ae5aa72]" name="verify_Login" class="testCases.TC002_LoginTest"/>
      </group> <!-- Regression -->
    </groups>
    <test started-at="2025-04-02T17:27:01 IST" name="Test" finished-at="2025-04-02T17:27:16 IST" duration-ms="15140">
      <class name="testCases.TC002_LoginTest">
        <test-method is-config="true" signature="setup(java.lang.String,java.lang.String)[pri:0, instance:testCases.TC002_LoginTest@6ae5aa72]" started-at="2025-04-02T17:27:01 IST" name="setup" finished-at="2025-04-02T17:27:06 IST" duration-ms="5214" status="PASS">
          <params>
            <param index="0">
              <value>
                <![CDATA[Windows]]>
              </value>
            </param>
            <param index="1">
              <value>
                <![CDATA[chrome]]>
              </value>
            </param>
          </params>
          <reporter-output>
          </reporter-output>
        </test-method> <!-- setup -->
        <test-method signature="verify_Login()[pri:0, instance:testCases.TC002_LoginTest@6ae5aa72]" started-at="2025-04-02T17:27:06 IST" name="verify_Login" finished-at="2025-04-02T17:27:09 IST" duration-ms="2103" status="PASS">
          <reporter-output>
          </reporter-output>
        </test-method> <!-- verify_Login -->
        <test-method is-config="true" signature="tearDown()[pri:0, instance:testCases.TC002_LoginTest@6ae5aa72]" started-at="2025-04-02T17:27:09 IST" name="tearDown" finished-at="2025-04-02T17:27:09 IST" duration-ms="201" status="PASS">
          <reporter-output>
          </reporter-output>
        </test-method> <!-- tearDown -->
      </class> <!-- testCases.TC002_LoginTest -->
      <class name="testCases.TC001_AccountRegistrationtest">
        <test-method is-config="true" signature="setup(java.lang.String,java.lang.String)[pri:0, instance:testCases.TC001_AccountRegistrationtest@72d1ad2e]" started-at="2025-04-02T17:27:09 IST" name="setup" finished-at="2025-04-02T17:27:12 IST" duration-ms="3638" status="PASS">
          <params>
            <param index="0">
              <value>
                <![CDATA[Windows]]>
              </value>
            </param>
            <param index="1">
              <value>
                <![CDATA[chrome]]>
              </value>
            </param>
          </params>
          <reporter-output>
          </reporter-output>
        </test-method> <!-- setup -->
        <test-method signature="verify_Account_Registration()[pri:0, instance:testCases.TC001_AccountRegistrationtest@72d1ad2e]" started-at="2025-04-02T17:27:12 IST" name="verify_Account_Registration" finished-at="2025-04-02T17:27:16 IST" duration-ms="3396" status="PASS">
          <reporter-output>
          </reporter-output>
        </test-method> <!-- verify_Account_Registration -->
        <test-method is-config="true" signature="tearDown()[pri:0, instance:testCases.TC001_AccountRegistrationtest@72d1ad2e]" started-at="2025-04-02T17:27:16 IST" name="tearDown" finished-at="2025-04-02T17:27:16 IST" duration-ms="237" status="PASS">
          <reporter-output>
          </reporter-output>
        </test-method> <!-- tearDown -->
      </class> <!-- testCases.TC001_AccountRegistrationtest -->
    </test> <!-- Test -->
  </suite> <!-- Suite -->
</testng-results>
